Arguments: 
  /home/reedina02/.nvm/versions/node/v8.9.3/bin/node /usr/bin/yarn add @angulare/core

PATH: 
  /home/reedina02/.nvm/versions/node/v8.9.3/bin:/home/reedina02/.gvm/bin:/home/reedina02/.rvm/gems/ruby-2.1.1/bin:/home/reedina02/.rvm/gems/ruby-2.1.1@global/bin:/home/reedina02/.rvm/rubies/ruby-2.1.1/bin:/home/reedina02/packer:/home/reedina02/Downloads/postman/Postman:/home/reedina02/racket/bin:/home/reedina02/.cabal/bin:/usr/local/ghc/bin:/usr/lib/lightdm/lightdm:/usr/local/sbin:/usr/local/bin:/usr/sbin:/usr/bin:/sbin:/bin:/usr/games:.:.:/home/reedina02/.rvm/bin:/usr/lib/google-cloud-sdk/bin:/usr/local/go/bin:/home/reedina02/go/bin

Yarn version: 
  1.3.2

Node version: 
  8.9.3

Platform: 
  linux x64

npm manifest: 
  {
    "name": "dryBuilder-web",
    "version": "1.0.0",
    "main": "index.js",
    "repository": "git@github.com:reedina/dryBuilder-web.git",
    "author": "Reedina <reedinafarms@gmail.com>",
    "license": "MIT",
    "dependencies": {
      "@ngrx/effects": "^5.0.1",
      "@ngrx/router-store": "^5.0.1",
      "@ngrx/store": "^5.0.0",
      "@ngrx/store-devtools": "^5.0.1",
      "rxjs": "^5.5.6"
    }
  }

yarn manifest: 
  No manifest

Lockfile: 
  # THIS IS AN AUTOGENERATED FILE. DO NOT EDIT THIS FILE DIRECTLY.
  # yarn lockfile v1
  
  
  "@ngrx/effects@^5.0.1":
    version "5.0.1"
    resolved "https://registry.yarnpkg.com/@ngrx/effects/-/effects-5.0.1.tgz#cf970a6b8e2f3d3647e795e7040e09a2e7d157ed"
  
  "@ngrx/router-store@^5.0.1":
    version "5.0.1"
    resolved "https://registry.yarnpkg.com/@ngrx/router-store/-/router-store-5.0.1.tgz#db872327bb958a2ebf296734c97de68672ec628a"
  
  "@ngrx/store-devtools@^5.0.1":
    version "5.0.1"
    resolved "https://registry.yarnpkg.com/@ngrx/store-devtools/-/store-devtools-5.0.1.tgz#f1bf5c54d4b2a512afd970e8114057b44e0d3c16"
  
  "@ngrx/store@^5.0.0":
    version "5.0.0"
    resolved "https://registry.yarnpkg.com/@ngrx/store/-/store-5.0.0.tgz#483a955ea99a63ee083675ce0596d505e5501747"
  
  rxjs@^5.5.6:
    version "5.5.6"
    resolved "https://registry.yarnpkg.com/rxjs/-/rxjs-5.5.6.tgz#e31fb96d6fd2ff1fd84bcea8ae9c02d007179c02"
    dependencies:
      symbol-observable "1.0.1"
  
  symbol-observable@1.0.1:
    version "1.0.1"
    resolved "https://registry.yarnpkg.com/symbol-observable/-/symbol-observable-1.0.1.tgz#8340fc4702c3122df5d22288f88283f513d3fdd4"

Trace: 
  Error: https://registry.yarnpkg.com/@angulare%2fcore: Not found
      at Request.params.callback [as _callback] (/usr/lib/node_modules/yarn/lib/cli.js:62098:18)
      at Request.self.callback (/usr/lib/node_modules/yarn/lib/cli.js:123085:22)
      at emitTwo (events.js:126:13)
      at Request.emit (events.js:214:7)
      at Request.<anonymous> (/usr/lib/node_modules/yarn/lib/cli.js:124068:10)
      at emitOne (events.js:116:13)
      at Request.emit (events.js:211:7)
      at IncomingMessage.<anonymous> (/usr/lib/node_modules/yarn/lib/cli.js:123988:12)
      at Object.onceWrapper (events.js:313:30)
      at emitNone (events.js:111:20)
